[2024-04-16T08:45:28,920][INFO ][o.e.b.Bootstrap          ] running graceful exit on windows
[2024-04-16T08:45:28,975][INFO ][o.e.n.Node               ] [-uPqMDo] stopping ...
[2024-04-16T08:45:29,287][INFO ][o.e.n.Node               ] [-uPqMDo] stopped
[2024-04-16T08:45:29,289][INFO ][o.e.n.Node               ] [-uPqMDo] closing ...
[2024-04-16T08:45:29,353][INFO ][o.e.n.Node               ] [-uPqMDo] closed
[2024-04-16T08:53:49,194][INFO ][o.e.n.Node               ] [] initializing ...
[2024-04-16T08:53:49,454][INFO ][o.e.e.NodeEnvironment    ] [-uPqMDo] using [1] data paths, mounts [[(C:)]], net usable_space [111.6gb], net total_space [255.2gb], spins? [unknown], types [NTFS]
[2024-04-16T08:53:49,456][INFO ][o.e.e.NodeEnvironment    ] [-uPqMDo] heap size [1.9gb], compressed ordinary object pointers [true]
[2024-04-16T08:53:49,576][INFO ][o.e.n.Node               ] node name [-uPqMDo] derived from node ID [-uPqMDoDQuW1jIayQ3FJkA]; set [node.name] to override
[2024-04-16T08:53:49,576][INFO ][o.e.n.Node               ] version[5.6.0], pid[10444], build[781a835/2017-09-07T03:09:58.087Z], OS[Windows 11/10.0/amd64], JVM[OpenLogic-OpenJDK/OpenJDK 64-Bit Server VM/1.8.0_402-402/25.402-b06]
[2024-04-16T08:53:49,577][INFO ][o.e.n.Node               ] JVM arguments [-Xms2g, -Xmx2g, -XX:+UseConcMarkSweepGC, -XX:CMSInitiatingOccupancyFraction=75, -XX:+UseCMSInitiatingOccupancyOnly, -XX:+AlwaysPreTouch, -Xss1m, -Djava.awt.headless=true, -Dfile.encoding=UTF-8, -Djna.nosys=true, -Djdk.io.permissionsUseCanonicalPath=true, -Dio.netty.noUnsafe=true, -Dio.netty.noKeySetOptimization=true, -Dio.netty.recycler.maxCapacityPerThread=0, -Dlog4j.shutdownHookEnabled=false, -Dlog4j2.disable.jmx=true, -Dlog4j.skipJansi=true, -XX:+HeapDumpOnOutOfMemoryError, -Delasticsearch, -Des.path.home=C:\WEBCORE\elasticsearch-5.6.0\elasticsearch-5.6.0]
[2024-04-16T08:53:53,278][INFO ][o.e.p.PluginsService     ] [-uPqMDo] loaded module [aggs-matrix-stats]
[2024-04-16T08:53:53,279][INFO ][o.e.p.PluginsService     ] [-uPqMDo] loaded module [ingest-common]
[2024-04-16T08:53:53,279][INFO ][o.e.p.PluginsService     ] [-uPqMDo] loaded module [lang-expression]
[2024-04-16T08:53:53,280][INFO ][o.e.p.PluginsService     ] [-uPqMDo] loaded module [lang-groovy]
[2024-04-16T08:53:53,280][INFO ][o.e.p.PluginsService     ] [-uPqMDo] loaded module [lang-mustache]
[2024-04-16T08:53:53,281][INFO ][o.e.p.PluginsService     ] [-uPqMDo] loaded module [lang-painless]
[2024-04-16T08:53:53,281][INFO ][o.e.p.PluginsService     ] [-uPqMDo] loaded module [parent-join]
[2024-04-16T08:53:53,283][INFO ][o.e.p.PluginsService     ] [-uPqMDo] loaded module [percolator]
[2024-04-16T08:53:53,283][INFO ][o.e.p.PluginsService     ] [-uPqMDo] loaded module [reindex]
[2024-04-16T08:53:53,283][INFO ][o.e.p.PluginsService     ] [-uPqMDo] loaded module [transport-netty3]
[2024-04-16T08:53:53,283][INFO ][o.e.p.PluginsService     ] [-uPqMDo] loaded module [transport-netty4]
[2024-04-16T08:53:53,284][INFO ][o.e.p.PluginsService     ] [-uPqMDo] no plugins loaded
[2024-04-16T08:53:57,581][INFO ][o.e.d.DiscoveryModule    ] [-uPqMDo] using discovery type [zen]
[2024-04-16T08:53:58,207][INFO ][o.e.n.Node               ] initialized
[2024-04-16T08:53:58,208][INFO ][o.e.n.Node               ] [-uPqMDo] starting ...
[2024-04-16T08:53:58,908][INFO ][o.e.t.TransportService   ] [-uPqMDo] publish_address {127.0.0.1:9300}, bound_addresses {127.0.0.1:9300}, {[::1]:9300}
[2024-04-16T08:54:01,994][INFO ][o.e.c.s.ClusterService   ] [-uPqMDo] new_master {-uPqMDo}{-uPqMDoDQuW1jIayQ3FJkA}{h5yTPwjuRgmDaSoPaMzBfQ}{127.0.0.1}{127.0.0.1:9300}, reason: zen-disco-elected-as-master ([0] nodes joined)
[2024-04-16T08:54:02,246][INFO ][o.e.g.GatewayService     ] [-uPqMDo] recovered [1] indices into cluster_state
[2024-04-16T08:54:02,356][INFO ][o.e.h.n.Netty4HttpServerTransport] [-uPqMDo] publish_address {127.0.0.1:9200}, bound_addresses {127.0.0.1:9200}, {[::1]:9200}
[2024-04-16T08:54:02,356][INFO ][o.e.n.Node               ] [-uPqMDo] started
[2024-04-16T08:54:02,840][INFO ][o.e.c.r.a.AllocationService] [-uPqMDo] Cluster health status changed from [RED] to [YELLOW] (reason: [shards started [[elastic_way2go][1]] ...]).
